<?xml version="1.0" encoding="UTF-8"?>
<testsuite name="unit.BoardTest" tests="4" skipped="0" failures="0" errors="0" timestamp="2021-05-31T18:10:13" hostname="DESKTOP-UBVO19L" time="0.058">
  <properties/>
  <testcase name="addPieceOnTile()" classname="unit.BoardTest" time="0.04"/>
  <testcase name="removePieceOnTile()" classname="unit.BoardTest" time="0.001"/>
  <testcase name="testStandardBoard()" classname="unit.BoardTest" time="0.002"/>
  <testcase name="testChessBoardInitialPieces()" classname="unit.BoardTest" time="0.012"/>
  <system-out><![CDATA[]]></system-out>
  <system-err><![CDATA[]]></system-err>
</testsuite>
